<?xml version="1.0" encoding="UTF-8"?>
<!-- Generated by org.testng.reporters.JUnitReportReporter -->
<testsuite hostname="LAPTOP-OU5BRAJ4" failures="0" tests="3" name="com.comcast.crm.testng.contacttest.CreateContactsTest" time="30.899" errors="0" timestamp="2025-09-25T14:11:13 IST" skipped="0">
  <testcase classname="com.comcast.crm.testng.contacttest.CreateContactsTest" name="createContactWithSupportDataTest" time="6.376"/>
  <testcase classname="com.comcast.crm.testng.contacttest.CreateContactsTest" name="createContactTest" time="6.071"/>
  <testcase classname="com.comcast.crm.testng.contacttest.CreateContactsTest" name="createContactWithOrgTest" time="18.452"/>
</testsuite> <!-- com.comcast.crm.testng.contacttest.CreateContactsTest -->
