<?xml version="1.0" encoding="UTF-8"?>
<!-- Generated by org.testng.reporters.JUnitReportReporter -->
<testsuite hostname="LAPTOP-OU5BRAJ4" failures="0" tests="3" name="com.comcast.crm.testng.orgtest.CreateOrganizationTest" time="32.574" errors="0" timestamp="2025-09-25T14:11:13 IST" skipped="0">
  <testcase classname="com.comcast.crm.testng.orgtest.CreateOrganizationTest" name="createOrganizationTest" time="12.675"/>
  <testcase classname="com.comcast.crm.testng.orgtest.CreateOrganizationTest" name="createOrganizationWithTypeTest" time="7.161"/>
  <testcase classname="com.comcast.crm.testng.orgtest.CreateOrganizationTest" name="createOrganizationWithPhoneNumberTest" time="12.738"/>
</testsuite> <!-- com.comcast.crm.testng.orgtest.CreateOrganizationTest -->
